-------------------------------------------------------------------------------
Test set: com.microgo.dashboard_service.service.serviceimpl.DashboardAckPublisherImplTest
-------------------------------------------------------------------------------
Tests run: 1, Failures: 0, Errors: 1, Skipped: 0, Time elapsed: 0.152 s <<< FAILURE! -- in com.microgo.dashboard_service.service.serviceimpl.DashboardAckPublisherImplTest
com.microgo.dashboard_service.service.serviceimpl.DashboardAckPublisherImplTest.publishesWebsocketPublishedAcknowledgement -- Time elapsed: 0.149 s <<< ERROR!
java.lang.IllegalStateException: Unable to publish dashboard acknowledgement for event 33
	at com.microgo.dashboard_service.service.serviceimpl.DashboardAckPublisherImpl.publishWebsocketPublished(DashboardAckPublisherImpl.java:42)
	at com.microgo.dashboard_service.service.serviceimpl.DashboardAckPublisherImplTest.publishesWebsocketPublishedAcknowledgement(DashboardAckPublisherImplTest.java:34)
Caused by: com.fasterxml.jackson.databind.exc.InvalidDefinitionException: Java 8 date/time type `java.time.OffsetDateTime` not supported by default: add Module "com.fasterxml.jackson.datatype:jackson-datatype-jsr310" to enable handling (or disable `MapperFeature.REQUIRE_HANDLERS_FOR_JAVA8_TIMES`) (through reference chain: com.microgo.dashboard_service.model.DashboardAckMessage["processedAt"])
	at com.fasterxml.jackson.databind.exc.InvalidDefinitionException.from(InvalidDefinitionException.java:77)
	at com.fasterxml.jackson.databind.SerializerProvider.reportBadDefinition(SerializerProvider.java:1359)
	at com.fasterxml.jackson.databind.ser.impl.UnsupportedTypeSerializer.serialize(UnsupportedTypeSerializer.java:34)
	at com.fasterxml.jackson.databind.ser.BeanPropertyWriter.serializeAsField(BeanPropertyWriter.java:732)
	at com.fasterxml.jackson.databind.ser.std.BeanSerializerBase.serializeFields(BeanSerializerBase.java:760)
	at com.fasterxml.jackson.databind.ser.BeanSerializer.serialize(BeanSerializer.java:183)
	at com.fasterxml.jackson.databind.ser.DefaultSerializerProvider._serialize(DefaultSerializerProvider.java:503)
	at com.fasterxml.jackson.databind.ser.DefaultSerializerProvider.serializeValue(DefaultSerializerProvider.java:342)
	at com.fasterxml.jackson.databind.ObjectMapper._writeValueAndClose(ObjectMapper.java:4926)
	at com.fasterxml.jackson.databind.ObjectMapper.writeValueAsString(ObjectMapper.java:4146)
	at com.microgo.dashboard_service.service.serviceimpl.DashboardAckPublisherImpl.publishWebsocketPublished(DashboardAckPublisherImpl.java:39)
	... 1 more

